acom -dbg -e 100 -work part2 -2002  $dsn/src/MIPS.vhd $dsn/src/MUX.vhd $dsn/src/hexToSevenSegment.vhd $dsn/src/Memory.vhd $dsn/src/Complete_MIPS.vhd $dsn/src/REG.vhd $dsn/src/stateToLEDR.vhd
# File: C:\My_Designs\espinoza_lab3\part2\src\MIPS.vhd
# Compile Entity "MIPS"
# Compile Architecture "structure" of Entity "MIPS"
# File: C:\My_Designs\espinoza_lab3\part2\src\MUX.vhd
# Compile Entity "MUX"
# Compile Architecture "behavioral" of Entity "MUX"
# File: C:\My_Designs\espinoza_lab3\part2\src\hexToSevenSegment.vhd
# Compile Entity "hexToSevenSegment"
# Compile Architecture "dataflow" of Entity "hexToSevenSegment"
# File: C:\My_Designs\espinoza_lab3\part2\src\Memory.vhd
# Compile Entity "Memory"
# Compile Architecture "Internal" of Entity "Memory"
# File: C:\My_Designs\espinoza_lab3\part2\src\Complete_MIPS.vhd
# Compile Entity "Complete_MIPS"
# Compile Architecture "model" of Entity "Complete_MIPS"
# File: C:\My_Designs\espinoza_lab3\part2\src\REG.vhd
# Compile Entity "REG"
# Compile Architecture "Behavioral" of Entity "REG"
# File: C:\My_Designs\espinoza_lab3\part2\src\stateToLEDR.vhd
# Compile Entity "stateToLEDR"
# Compile Architecture "dataflow" of Entity "stateToLEDR"
# Compile success 0 Errors 0 Warnings  Analysis time :  0.1 [s]
alog -dbg -sve -msg 5 -sv2k12 -work part2 $dsn/src/fastest_pll_0002.v
# Pass 1. Scanning modules hierarchy.
# Info: VCP2113 Module \$root found in current working library.
# Warning: VCP2515 fastest_pll_0002.v : (85, 7): Undefined module: altera_pll was used. Port connection rules will not be checked at such instantiations.
# Pass 2. Processing instantiations.
# Pass 3. Processing behavioral statements.
# ELB/DAG code generating.
# Info: VCP2113 Module \$root found in current working library.
# Unit top modules: fastest_pll_0002.
# $root top modules: pll_0002 fastest_pll_0002.
# Compile success 0 Errors 1 Warnings  Analysis time: 0[s].
# done
acom -dbg -e 100 -work part2 -2002  $dsn/src/fastest_pll.vhd
# File: C:\My_Designs\espinoza_lab3\part2\src\fastest_pll.vhd
# Compile Entity "fastest_pll"
# Compile Architecture "rtl" of Entity "fastest_pll"
# Compile success 0 Errors 0 Warnings  Analysis time :  15.0 [ms]
# Warning: Quartus 17.1 has been aborted
# Error: Quartus 17.1 finished with 3 warning(s) and 15 error(s).
acom -dbg -e 100 -work part2 -2002  $dsn/src/Complete_MIPS.vhd
# File: C:\My_Designs\espinoza_lab3\part2\src\Complete_MIPS.vhd
# Compile Entity "Complete_MIPS"
# Compile Architecture "model" of Entity "Complete_MIPS"
# Compile success 0 Errors 0 Warnings  Analysis time :  31.0 [ms]
# Warning: Quartus 17.1 finished with 696 warning(s).
# Library Manager: Library "part2_timing" contents cleared.
asim -O5 -L altera -L altera_lnsim -L altera_lnsim_ver -L altera_mf -L altera_mf_ver -L altera_ver -L part2 +access +r +m+Complete_MIPS Complete_MIPS model
# ELBREAD: Elaboration process.
# ELBREAD: Elaboration time 0.0 [s].
# VSIM: Stack memory: 32MB
# VSIM: Retval memory: 32MB
# 
# KERNEL: Main thread initiated.
# KERNEL: Kernel process initialization phase.
# KERNEL: Time resolution set to 1ps.
# ELAB2: Elaboration final pass...
# ELAB2: Create instances ...
# ELBREAD: Warning: ELBREAD_0054 fastest_pll_0002.v (17): Too few port connections. Region: /Complete_MIPS/PLL1/altera_pll_i
# ELAB2: Create instances complete.
# SLP: Started
# SLP: Elaboration phase ...
# SLP: Warning: altera_lnsim.sv (28454): Index [1] is out of range [0:0] of 'output_clock_frequency_parameter'.
# SLP: Warning: altera_lnsim.sv (28455): Index [2] is out of range [0:0] of 'output_clock_frequency_parameter'.
# SLP: Warning: altera_lnsim.sv (28456): Index [3] is out of range [0:0] of 'output_clock_frequency_parameter'.
# SLP: Warning: altera_lnsim.sv (28457): Index [4] is out of range [0:0] of 'output_clock_frequency_parameter'.
# SLP: Warning: altera_lnsim.sv (28458): Index [5] is out of range [0:0] of 'output_clock_frequency_parameter'.
# SLP: Warning: altera_lnsim.sv (28459): Index [6] is out of range [0:0] of 'output_clock_frequency_parameter'.
# SLP: Warning: altera_lnsim.sv (28460): Index [7] is out of range [0:0] of 'output_clock_frequency_parameter'.
# SLP: Warning: altera_lnsim.sv (28461): Index [8] is out of range [0:0] of 'output_clock_frequency_parameter'.
# SLP: Warning: altera_lnsim.sv (28462): Index [9] is out of range [0:0] of 'output_clock_frequency_parameter'.
# SLP: Warning: altera_lnsim.sv (28463): Index [10] is out of range [0:0] of 'output_clock_frequency_parameter'.
# SLP: Warning: altera_lnsim.sv (28464): Index [11] is out of range [0:0] of 'output_clock_frequency_parameter'.
# SLP: Warning: altera_lnsim.sv (28465): Index [12] is out of range [0:0] of 'output_clock_frequency_parameter'.
# SLP: Warning: altera_lnsim.sv (28466): Index [13] is out of range [0:0] of 'output_clock_frequency_parameter'.
# SLP: Warning: altera_lnsim.sv (28467): Index [14] is out of range [0:0] of 'output_clock_frequency_parameter'.
# SLP: Warning: altera_lnsim.sv (28468): Index [15] is out of range [0:0] of 'output_clock_frequency_parameter'.
# SLP: Warning: altera_lnsim.sv (28469): Index [16] is out of range [0:0] of 'output_clock_frequency_parameter'.
# SLP: Warning: altera_lnsim.sv (28470): Index [17] is out of range [0:0] of 'output_clock_frequency_parameter'.
# SLP: Elaboration phase ... done : 0.0 [s]
# SLP: Generation phase ...
# SLP: Generation phase ... done : 1.1 [s]
# SLP: Finished : 1.1 [s]
# SLP: 0 primitives and 42 (66.67%) other processes in SLP
# SLP: 433 (99.08%) signals in SLP and 4 (0.92%) interface signals
# ELAB2: Elaboration final pass complete - time: 1.9 [s].
# KERNEL: SLP loading done - time: 0.0 [s].
# KERNEL: Warning: You are using the Active-HDL EDU Edition. The performance of simulation is running at a reduced rate.
# KERNEL: Warning: Contact Aldec for available upgrade options - sales@aldec.com.
# KERNEL: SLP simulation initialization done - time: 0.0 [s].
# KERNEL: Kernel process initialization done.
# Allocation: Simulator allocated 14015 kB (elbread=2304 elab2=11467 kernel=244 sdf=0)
# KERNEL: ASDB file was created in location C:\My_Designs\espinoza_lab3\part2\src\wave.asdb
#  12:15 AM, Thursday, March 7, 2019
#  Simulation has been initialized
# 20 signal(s) traced.
# Waveform file 'untitled.awc' connected to 'C:/My_Designs/espinoza_lab3/part2/src/wave.asdb'.
run 100 ns
# KERNEL: Info: =================================================
# KERNEL: Info:           Generic PLL Summary
# KERNEL: Info: =================================================
# KERNEL: Time scale of (Complete_MIPS.PLL1.altera_pll_i.new_model.gpll.no_need_to_gen) is 1ps / 1ps
# KERNEL: Info: hierarchical_name = Complete_MIPS.PLL1.altera_pll_i.new_model.gpll.no_need_to_gen
# KERNEL: Info: reference_clock_frequency = 50.0 MHz
# KERNEL: Info: output_clock_frequency = 34.6 MHZ
# KERNEL: Info: phase_shift = 0 ps
# KERNEL: Info: duty_cycle = 50
# KERNEL: Info: sim_additional_refclk_cycles_to_lock = 0
# KERNEL: Info: output_clock_high_period = 14450.867052
# KERNEL: Info: output_clock_low_period = 14450.867052
# KERNEL: WARNING: NUMERIC_STD."=": metavalue detected, returning FALSE
# KERNEL: Time: 0 ps,  Iteration: 0,  Instance: /Complete_MIPS/CPU,  Process: line__64.
# KERNEL: WARNING: NUMERIC_STD."=": metavalue detected, returning FALSE
# KERNEL: Time: 0 ps,  Iteration: 0,  Instance: /Complete_MIPS/CPU,  Process: line__64.
# KERNEL: WARNING: NUMERIC_STD.TO_INTEGER: metavalue detected, returning 0
# KERNEL: Time: 0 ps,  Iteration: 0,  Instance: /Complete_MIPS/CPU/A1,  Process: line__25.
# KERNEL: WARNING: NUMERIC_STD.TO_INTEGER: metavalue detected, returning 0
# KERNEL: Time: 0 ps,  Iteration: 0,  Instance: /Complete_MIPS/CPU/A1,  Process: line__26.
# KERNEL: WARNING: NUMERIC_STD.TO_INTEGER: metavalue detected, returning 0
# KERNEL: Time: 0 ps,  Iteration: 3,  Instance: /Complete_MIPS/MEM,  Process: line__134.
# KERNEL: stopped at time: 100 ns
run 1 us
# KERNEL: WARNING: NUMERIC_STD.TO_INTEGER: metavalue detected, returning 0
# KERNEL: Time: 1036009 ps,  Iteration: 4,  Instance: /Complete_MIPS/MEM,  Process: line__134.
# KERNEL: WARNING: NUMERIC_STD.TO_INTEGER: metavalue detected, returning 0
# KERNEL: Time: 1064911 ps,  Iteration: 4,  Instance: /Complete_MIPS/MEM,  Process: line__134.
# KERNEL: stopped at time: 1100 ns
run 1 us
# KERNEL: stopped at time: 2100 ns
# 1 signal(s) traced.
restart
# ELBREAD: Elaboration process.
# ELBREAD: Elaboration time 0.1 [s].
# 
# KERNEL: Main thread initiated.
# KERNEL: Kernel process initialization phase.
# KERNEL: Time resolution set to 1ps.
# ELAB2: Elaboration final pass...
# ELAB2: Create instances ...
# ELBREAD: Warning: ELBREAD_0054 fastest_pll_0002.v (17): Too few port connections. Region: /Complete_MIPS/PLL1/altera_pll_i
# ELAB2: Create instances complete.
# SLP: Started
# SLP: Finished. Using existing simulator library
# SLP: 0 primitives and 42 (66.67%) other processes in SLP
# SLP: 433 (99.08%) signals in SLP and 4 (0.92%) interface signals
# ELAB2: Elaboration final pass complete - time: 0.1 [s].
# KERNEL: SLP loading done - time: 0.0 [s].
# KERNEL: Warning: You are using the Active-HDL EDU Edition. The performance of simulation is running at a reduced rate.
# KERNEL: Warning: Contact Aldec for available upgrade options - sales@aldec.com.
# KERNEL: SLP simulation initialization done - time: 0.0 [s].
# KERNEL: Kernel process initialization done.
# Allocation: Simulator allocated 14015 kB (elbread=2304 elab2=11467 kernel=244 sdf=0)
# KERNEL: ASDB file was created in location C:\My_Designs\espinoza_lab3\part2\src\wave.asdb
#  12:19 AM, Thursday, March 7, 2019
#  Simulation has been initialized
# Waveform file 'untitled.awc' connected to 'C:/My_Designs/espinoza_lab3/part2/src/wave.asdb'.
run 1 us
# KERNEL: Info: =================================================
# KERNEL: Info:           Generic PLL Summary
# KERNEL: Info: =================================================
# KERNEL: Time scale of (Complete_MIPS.PLL1.altera_pll_i.new_model.gpll.no_need_to_gen) is 1ps / 1ps
# KERNEL: Info: hierarchical_name = Complete_MIPS.PLL1.altera_pll_i.new_model.gpll.no_need_to_gen
# KERNEL: Info: reference_clock_frequency = 50.0 MHz
# KERNEL: Info: output_clock_frequency = 34.6 MHZ
# KERNEL: Info: phase_shift = 0 ps
# KERNEL: Info: duty_cycle = 50
# KERNEL: Info: sim_additional_refclk_cycles_to_lock = 0
# KERNEL: Info: output_clock_high_period = 14450.867052
# KERNEL: Info: output_clock_low_period = 14450.867052
# KERNEL: WARNING: NUMERIC_STD."=": metavalue detected, returning FALSE
# KERNEL: Time: 0 ps,  Iteration: 0,  Instance: /Complete_MIPS/CPU,  Process: line__64.
# KERNEL: WARNING: NUMERIC_STD."=": metavalue detected, returning FALSE
# KERNEL: Time: 0 ps,  Iteration: 0,  Instance: /Complete_MIPS/CPU,  Process: line__64.
# KERNEL: WARNING: NUMERIC_STD.TO_INTEGER: metavalue detected, returning 0
# KERNEL: Time: 0 ps,  Iteration: 0,  Instance: /Complete_MIPS/CPU/A1,  Process: line__25.
# KERNEL: WARNING: NUMERIC_STD.TO_INTEGER: metavalue detected, returning 0
# KERNEL: Time: 0 ps,  Iteration: 0,  Instance: /Complete_MIPS/CPU/A1,  Process: line__26.
# KERNEL: WARNING: NUMERIC_STD.TO_INTEGER: metavalue detected, returning 0
# KERNEL: Time: 0 ps,  Iteration: 3,  Instance: /Complete_MIPS/MEM,  Process: line__134.
# KERNEL: stopped at time: 1 us
run 1 us
# KERNEL: WARNING: NUMERIC_STD.TO_INTEGER: metavalue detected, returning 0
# KERNEL: Time: 1036009 ps,  Iteration: 4,  Instance: /Complete_MIPS/MEM,  Process: line__134.
# KERNEL: WARNING: NUMERIC_STD.TO_INTEGER: metavalue detected, returning 0
# KERNEL: Time: 1064911 ps,  Iteration: 4,  Instance: /Complete_MIPS/MEM,  Process: line__134.
# KERNEL: stopped at time: 2 us
run 1 us
# KERNEL: stopped at time: 3 us
run 1 us
# KERNEL: stopped at time: 4 us
run 1 us
# KERNEL: stopped at time: 5 us
run 1 us
# KERNEL: stopped at time: 6 us
run 1 us
# KERNEL: stopped at time: 7 us
run 1 us
# KERNEL: stopped at time: 8 us
run 1 us
# KERNEL: stopped at time: 9 us
run 1 us
# KERNEL: stopped at time: 10 us
run 1 us
# KERNEL: stopped at time: 11 us
run 1 us
# KERNEL: stopped at time: 12 us
run 1 us
# KERNEL: stopped at time: 13 us
run 1 us
# KERNEL: stopped at time: 14 us
run 1 us
# KERNEL: stopped at time: 15 us
run 1 us
# KERNEL: stopped at time: 16 us
run 1 us
# KERNEL: stopped at time: 17 us
run 1 us
# KERNEL: stopped at time: 18 us
run 1 us
# KERNEL: stopped at time: 19 us
run 1 us
# KERNEL: stopped at time: 20 us
# 1 signal(s) traced.
restart
# ELBREAD: Elaboration process.
# ELBREAD: Elaboration time 0.1 [s].
# 
# KERNEL: Main thread initiated.
# KERNEL: Kernel process initialization phase.
# KERNEL: Time resolution set to 1ps.
# ELAB2: Elaboration final pass...
# ELAB2: Create instances ...
# ELBREAD: Warning: ELBREAD_0054 fastest_pll_0002.v (17): Too few port connections. Region: /Complete_MIPS/PLL1/altera_pll_i
# ELAB2: Create instances complete.
# SLP: Started
# SLP: Finished. Using existing simulator library
# SLP: 0 primitives and 42 (66.67%) other processes in SLP
# SLP: 433 (99.08%) signals in SLP and 4 (0.92%) interface signals
# ELAB2: Elaboration final pass complete - time: 0.1 [s].
# KERNEL: SLP loading done - time: 0.0 [s].
# KERNEL: Warning: You are using the Active-HDL EDU Edition. The performance of simulation is running at a reduced rate.
# KERNEL: Warning: Contact Aldec for available upgrade options - sales@aldec.com.
# KERNEL: SLP simulation initialization done - time: 0.0 [s].
# KERNEL: Kernel process initialization done.
# Allocation: Simulator allocated 14015 kB (elbread=2304 elab2=11467 kernel=244 sdf=0)
# KERNEL: ASDB file was created in location C:\My_Designs\espinoza_lab3\part2\src\wave.asdb
#  12:27 AM, Thursday, March 7, 2019
#  Simulation has been initialized
# Waveform file 'untitled.awc' connected to 'C:/My_Designs/espinoza_lab3/part2/src/wave.asdb'.
# 1 signal(s) traced.
# 1 signal(s) traced.
# 1 signal(s) traced.
# Waveform file 'untitled.awc' connected to 'C:/My_Designs/espinoza_lab3/part1/src/weightedAverage.asdb'.
# Waveform file 'untitled.awc' connected to 'C:/My_Designs/espinoza_lab3/part1/src/completeMIPS.asdb'.
# Waveform file 'untitled.awc' connected to 'C:/My_Designs/espinoza_lab3/part1/src/completeMIPS.asdb'.
run 5 us
# KERNEL: Info: =================================================
# KERNEL: Info:           Generic PLL Summary
# KERNEL: Info: =================================================
# KERNEL: Time scale of (Complete_MIPS.PLL1.altera_pll_i.new_model.gpll.no_need_to_gen) is 1ps / 1ps
# KERNEL: Info: hierarchical_name = Complete_MIPS.PLL1.altera_pll_i.new_model.gpll.no_need_to_gen
# KERNEL: Info: reference_clock_frequency = 50.0 MHz
# KERNEL: Info: output_clock_frequency = 34.6 MHZ
# KERNEL: Info: phase_shift = 0 ps
# KERNEL: Info: duty_cycle = 50
# KERNEL: Info: sim_additional_refclk_cycles_to_lock = 0
# KERNEL: Info: output_clock_high_period = 14450.867052
# KERNEL: Info: output_clock_low_period = 14450.867052
# KERNEL: WARNING: NUMERIC_STD."=": metavalue detected, returning FALSE
# KERNEL: Time: 0 ps,  Iteration: 0,  Instance: /Complete_MIPS/CPU,  Process: line__64.
# KERNEL: WARNING: NUMERIC_STD."=": metavalue detected, returning FALSE
# KERNEL: Time: 0 ps,  Iteration: 0,  Instance: /Complete_MIPS/CPU,  Process: line__64.
# KERNEL: WARNING: NUMERIC_STD.TO_INTEGER: metavalue detected, returning 0
# KERNEL: Time: 0 ps,  Iteration: 0,  Instance: /Complete_MIPS/CPU/A1,  Process: line__25.
# KERNEL: WARNING: NUMERIC_STD.TO_INTEGER: metavalue detected, returning 0
# KERNEL: Time: 0 ps,  Iteration: 0,  Instance: /Complete_MIPS/CPU/A1,  Process: line__26.
# KERNEL: WARNING: NUMERIC_STD.TO_INTEGER: metavalue detected, returning 0
# KERNEL: Time: 0 ps,  Iteration: 3,  Instance: /Complete_MIPS/MEM,  Process: line__134.
# KERNEL: WARNING: NUMERIC_STD.TO_INTEGER: metavalue detected, returning 0
# KERNEL: Time: 1036009 ps,  Iteration: 4,  Instance: /Complete_MIPS/MEM,  Process: line__134.
# KERNEL: WARNING: NUMERIC_STD.TO_INTEGER: metavalue detected, returning 0
# KERNEL: Time: 1064911 ps,  Iteration: 4,  Instance: /Complete_MIPS/MEM,  Process: line__134.
# KERNEL: stopped at time: 5 us
run 5 us
# KERNEL: stopped at time: 10 us
run 5 us
# KERNEL: stopped at time: 15 us
run 5 us
# KERNEL: stopped at time: 20 us
restart
# ELBREAD: Elaboration process.
# ELBREAD: Elaboration time 0.1 [s].
# 
# KERNEL: Main thread initiated.
# KERNEL: Kernel process initialization phase.
# KERNEL: Time resolution set to 1ps.
# ELAB2: Elaboration final pass...
# ELAB2: Create instances ...
# ELBREAD: Warning: ELBREAD_0054 fastest_pll_0002.v (17): Too few port connections. Region: /Complete_MIPS/PLL1/altera_pll_i
# ELAB2: Create instances complete.
# SLP: Started
# SLP: Finished. Using existing simulator library
# SLP: 0 primitives and 42 (66.67%) other processes in SLP
# SLP: 433 (99.08%) signals in SLP and 4 (0.92%) interface signals
# ELAB2: Elaboration final pass complete - time: 0.1 [s].
# KERNEL: SLP loading done - time: 0.0 [s].
# KERNEL: Warning: You are using the Active-HDL EDU Edition. The performance of simulation is running at a reduced rate.
# KERNEL: Warning: Contact Aldec for available upgrade options - sales@aldec.com.
# KERNEL: SLP simulation initialization done - time: 0.0 [s].
# KERNEL: Kernel process initialization done.
# Allocation: Simulator allocated 14015 kB (elbread=2304 elab2=11467 kernel=244 sdf=0)
# KERNEL: ASDB file was created in location C:\My_Designs\espinoza_lab3\part2\src\wave.asdb
#  12:30 AM, Thursday, March 7, 2019
#  Simulation has been initialized
# Waveform file 'untitled.awc' connected to 'C:/My_Designs/espinoza_lab3/part2/src/wave.asdb'.
run 5 us
# KERNEL: Info: =================================================
# KERNEL: Info:           Generic PLL Summary
# KERNEL: Info: =================================================
# KERNEL: Time scale of (Complete_MIPS.PLL1.altera_pll_i.new_model.gpll.no_need_to_gen) is 1ps / 1ps
# KERNEL: Info: hierarchical_name = Complete_MIPS.PLL1.altera_pll_i.new_model.gpll.no_need_to_gen
# KERNEL: Info: reference_clock_frequency = 50.0 MHz
# KERNEL: Info: output_clock_frequency = 34.6 MHZ
# KERNEL: Info: phase_shift = 0 ps
# KERNEL: Info: duty_cycle = 50
# KERNEL: Info: sim_additional_refclk_cycles_to_lock = 0
# KERNEL: Info: output_clock_high_period = 14450.867052
# KERNEL: Info: output_clock_low_period = 14450.867052
# KERNEL: WARNING: NUMERIC_STD."=": metavalue detected, returning FALSE
# KERNEL: Time: 0 ps,  Iteration: 0,  Instance: /Complete_MIPS/CPU,  Process: line__64.
# KERNEL: WARNING: NUMERIC_STD."=": metavalue detected, returning FALSE
# KERNEL: Time: 0 ps,  Iteration: 0,  Instance: /Complete_MIPS/CPU,  Process: line__64.
# KERNEL: WARNING: NUMERIC_STD.TO_INTEGER: metavalue detected, returning 0
# KERNEL: Time: 0 ps,  Iteration: 0,  Instance: /Complete_MIPS/CPU/A1,  Process: line__25.
# KERNEL: WARNING: NUMERIC_STD.TO_INTEGER: metavalue detected, returning 0
# KERNEL: Time: 0 ps,  Iteration: 0,  Instance: /Complete_MIPS/CPU/A1,  Process: line__26.
# KERNEL: WARNING: NUMERIC_STD.TO_INTEGER: metavalue detected, returning 0
# KERNEL: Time: 0 ps,  Iteration: 3,  Instance: /Complete_MIPS/MEM,  Process: line__134.
# KERNEL: WARNING: NUMERIC_STD.TO_INTEGER: metavalue detected, returning 0
# KERNEL: Time: 1036009 ps,  Iteration: 4,  Instance: /Complete_MIPS/MEM,  Process: line__134.
# KERNEL: WARNING: NUMERIC_STD.TO_INTEGER: metavalue detected, returning 0
# KERNEL: Time: 1064911 ps,  Iteration: 4,  Instance: /Complete_MIPS/MEM,  Process: line__134.
# KERNEL: stopped at time: 5 us
run 5 us
# KERNEL: stopped at time: 10 us
run 5 us
# KERNEL: stopped at time: 15 us
restart
# ELBREAD: Elaboration process.
# ELBREAD: Elaboration time 0.1 [s].
# 
# KERNEL: Main thread initiated.
# KERNEL: Kernel process initialization phase.
# KERNEL: Time resolution set to 1ps.
# ELAB2: Elaboration final pass...
# ELAB2: Create instances ...
# ELBREAD: Warning: ELBREAD_0054 fastest_pll_0002.v (17): Too few port connections. Region: /Complete_MIPS/PLL1/altera_pll_i
# ELAB2: Create instances complete.
# SLP: Started
# SLP: Finished. Using existing simulator library
# SLP: 0 primitives and 42 (66.67%) other processes in SLP
# SLP: 433 (99.08%) signals in SLP and 4 (0.92%) interface signals
# ELAB2: Elaboration final pass complete - time: 0.1 [s].
# KERNEL: SLP loading done - time: 0.0 [s].
# KERNEL: Warning: You are using the Active-HDL EDU Edition. The performance of simulation is running at a reduced rate.
# KERNEL: Warning: Contact Aldec for available upgrade options - sales@aldec.com.
# KERNEL: SLP simulation initialization done - time: 0.0 [s].
# KERNEL: Kernel process initialization done.
# Allocation: Simulator allocated 14015 kB (elbread=2304 elab2=11467 kernel=244 sdf=0)
# KERNEL: ASDB file was created in location C:\My_Designs\espinoza_lab3\part2\src\wave.asdb
#  12:31 AM, Thursday, March 7, 2019
#  Simulation has been initialized
# Waveform file 'untitled.awc' connected to 'C:/My_Designs/espinoza_lab3/part2/src/wave.asdb'.
run 5 us
# KERNEL: Info: =================================================
# KERNEL: Info:           Generic PLL Summary
# KERNEL: Info: =================================================
# KERNEL: Time scale of (Complete_MIPS.PLL1.altera_pll_i.new_model.gpll.no_need_to_gen) is 1ps / 1ps
# KERNEL: Info: hierarchical_name = Complete_MIPS.PLL1.altera_pll_i.new_model.gpll.no_need_to_gen
# KERNEL: Info: reference_clock_frequency = 50.0 MHz
# KERNEL: Info: output_clock_frequency = 34.6 MHZ
# KERNEL: Info: phase_shift = 0 ps
# KERNEL: Info: duty_cycle = 50
# KERNEL: Info: sim_additional_refclk_cycles_to_lock = 0
# KERNEL: Info: output_clock_high_period = 14450.867052
# KERNEL: Info: output_clock_low_period = 14450.867052
# KERNEL: WARNING: NUMERIC_STD."=": metavalue detected, returning FALSE
# KERNEL: Time: 0 ps,  Iteration: 0,  Instance: /Complete_MIPS/CPU,  Process: line__64.
# KERNEL: WARNING: NUMERIC_STD."=": metavalue detected, returning FALSE
# KERNEL: Time: 0 ps,  Iteration: 0,  Instance: /Complete_MIPS/CPU,  Process: line__64.
# KERNEL: WARNING: NUMERIC_STD.TO_INTEGER: metavalue detected, returning 0
# KERNEL: Time: 0 ps,  Iteration: 0,  Instance: /Complete_MIPS/CPU/A1,  Process: line__25.
# KERNEL: WARNING: NUMERIC_STD.TO_INTEGER: metavalue detected, returning 0
# KERNEL: Time: 0 ps,  Iteration: 0,  Instance: /Complete_MIPS/CPU/A1,  Process: line__26.
# KERNEL: WARNING: NUMERIC_STD.TO_INTEGER: metavalue detected, returning 0
# KERNEL: Time: 0 ps,  Iteration: 3,  Instance: /Complete_MIPS/MEM,  Process: line__134.
# KERNEL: WARNING: NUMERIC_STD.TO_INTEGER: metavalue detected, returning 0
# KERNEL: Time: 1036009 ps,  Iteration: 4,  Instance: /Complete_MIPS/MEM,  Process: line__134.
# KERNEL: WARNING: NUMERIC_STD.TO_INTEGER: metavalue detected, returning 0
# KERNEL: Time: 1064911 ps,  Iteration: 4,  Instance: /Complete_MIPS/MEM,  Process: line__134.
# KERNEL: stopped at time: 5 us
run 5 us
# KERNEL: stopped at time: 10 us
run 1 us
# KERNEL: stopped at time: 11 us
run 1 us
# KERNEL: stopped at time: 12 us
acom -dbg -e 100 -work part2 -2002  $dsn/src/Memory.vhd
# File: C:\My_Designs\espinoza_lab3\part2\src\Memory.vhd
# Compile Entity "Memory"
# Compile Architecture "Internal" of Entity "Memory"
# Compile success 0 Errors 0 Warnings  Analysis time :  31.0 [ms]
restart
# ELBREAD: Elaboration process.
# ELBREAD: Elaboration time 0.1 [s].
# 
# KERNEL: Main thread initiated.
# KERNEL: Kernel process initialization phase.
# KERNEL: Time resolution set to 1ps.
# ELAB2: Elaboration final pass...
# ELAB2: Create instances ...
# ELBREAD: Warning: ELBREAD_0054 fastest_pll_0002.v (17): Too few port connections. Region: /Complete_MIPS/PLL1/altera_pll_i
# ELAB2: Create instances complete.
# SLP: Started
# SLP: Elaboration phase ...
# SLP: Warning: altera_lnsim.sv (28454): Index [1] is out of range [0:0] of 'output_clock_frequency_parameter'.
# SLP: Warning: altera_lnsim.sv (28455): Index [2] is out of range [0:0] of 'output_clock_frequency_parameter'.
# SLP: Warning: altera_lnsim.sv (28456): Index [3] is out of range [0:0] of 'output_clock_frequency_parameter'.
# SLP: Warning: altera_lnsim.sv (28457): Index [4] is out of range [0:0] of 'output_clock_frequency_parameter'.
# SLP: Warning: altera_lnsim.sv (28458): Index [5] is out of range [0:0] of 'output_clock_frequency_parameter'.
# SLP: Warning: altera_lnsim.sv (28459): Index [6] is out of range [0:0] of 'output_clock_frequency_parameter'.
# SLP: Warning: altera_lnsim.sv (28460): Index [7] is out of range [0:0] of 'output_clock_frequency_parameter'.
# SLP: Warning: altera_lnsim.sv (28461): Index [8] is out of range [0:0] of 'output_clock_frequency_parameter'.
# SLP: Warning: altera_lnsim.sv (28462): Index [9] is out of range [0:0] of 'output_clock_frequency_parameter'.
# SLP: Warning: altera_lnsim.sv (28463): Index [10] is out of range [0:0] of 'output_clock_frequency_parameter'.
# SLP: Warning: altera_lnsim.sv (28464): Index [11] is out of range [0:0] of 'output_clock_frequency_parameter'.
# SLP: Warning: altera_lnsim.sv (28465): Index [12] is out of range [0:0] of 'output_clock_frequency_parameter'.
# SLP: Warning: altera_lnsim.sv (28466): Index [13] is out of range [0:0] of 'output_clock_frequency_parameter'.
# SLP: Warning: altera_lnsim.sv (28467): Index [14] is out of range [0:0] of 'output_clock_frequency_parameter'.
# SLP: Warning: altera_lnsim.sv (28468): Index [15] is out of range [0:0] of 'output_clock_frequency_parameter'.
# SLP: Warning: altera_lnsim.sv (28469): Index [16] is out of range [0:0] of 'output_clock_frequency_parameter'.
# SLP: Warning: altera_lnsim.sv (28470): Index [17] is out of range [0:0] of 'output_clock_frequency_parameter'.
# SLP: Elaboration phase ... skipped, using existing simulator library: 0.0 [s]
# SLP: Finished : 0.0 [s]
# SLP: 0 primitives and 42 (66.67%) other processes in SLP
# SLP: 433 (99.08%) signals in SLP and 4 (0.92%) interface signals
# ELAB2: Elaboration final pass complete - time: 0.1 [s].
# KERNEL: SLP loading done - time: 0.0 [s].
# KERNEL: Warning: You are using the Active-HDL EDU Edition. The performance of simulation is running at a reduced rate.
# KERNEL: Warning: Contact Aldec for available upgrade options - sales@aldec.com.
# KERNEL: SLP simulation initialization done - time: 0.0 [s].
# KERNEL: Kernel process initialization done.
# Allocation: Simulator allocated 14015 kB (elbread=2304 elab2=11467 kernel=244 sdf=0)
# KERNEL: ASDB file was created in location C:\My_Designs\espinoza_lab3\part2\src\wave.asdb
#  1:21 AM, Thursday, March 7, 2019
#  Simulation has been initialized
# Waveform file 'untitled.awc' connected to 'C:/My_Designs/espinoza_lab3/part2/src/wave.asdb'.
run 10 us
# KERNEL: Info: =================================================
# KERNEL: Info:           Generic PLL Summary
# KERNEL: Info: =================================================
# KERNEL: Time scale of (Complete_MIPS.PLL1.altera_pll_i.new_model.gpll.no_need_to_gen) is 1ps / 1ps
# KERNEL: Info: hierarchical_name = Complete_MIPS.PLL1.altera_pll_i.new_model.gpll.no_need_to_gen
# KERNEL: Info: reference_clock_frequency = 50.0 MHz
# KERNEL: Info: output_clock_frequency = 34.6 MHZ
# KERNEL: Info: phase_shift = 0 ps
# KERNEL: Info: duty_cycle = 50
# KERNEL: Info: sim_additional_refclk_cycles_to_lock = 0
# KERNEL: Info: output_clock_high_period = 14450.867052
# KERNEL: Info: output_clock_low_period = 14450.867052
# KERNEL: WARNING: NUMERIC_STD."=": metavalue detected, returning FALSE
# KERNEL: Time: 0 ps,  Iteration: 0,  Instance: /Complete_MIPS/CPU,  Process: line__64.
# KERNEL: WARNING: NUMERIC_STD."=": metavalue detected, returning FALSE
# KERNEL: Time: 0 ps,  Iteration: 0,  Instance: /Complete_MIPS/CPU,  Process: line__64.
# KERNEL: WARNING: NUMERIC_STD.TO_INTEGER: metavalue detected, returning 0
# KERNEL: Time: 0 ps,  Iteration: 0,  Instance: /Complete_MIPS/CPU/A1,  Process: line__25.
# KERNEL: WARNING: NUMERIC_STD.TO_INTEGER: metavalue detected, returning 0
# KERNEL: Time: 0 ps,  Iteration: 0,  Instance: /Complete_MIPS/CPU/A1,  Process: line__26.
# KERNEL: WARNING: NUMERIC_STD.TO_INTEGER: metavalue detected, returning 0
# KERNEL: Time: 0 ps,  Iteration: 3,  Instance: /Complete_MIPS/MEM,  Process: line__134.
# KERNEL: WARNING: NUMERIC_STD.TO_INTEGER: metavalue detected, returning 0
# KERNEL: Time: 1036009 ps,  Iteration: 4,  Instance: /Complete_MIPS/MEM,  Process: line__134.
# KERNEL: WARNING: NUMERIC_STD.TO_INTEGER: metavalue detected, returning 0
# KERNEL: Time: 1064911 ps,  Iteration: 4,  Instance: /Complete_MIPS/MEM,  Process: line__134.
# KERNEL: stopped at time: 10 us
run 2 us
# KERNEL: stopped at time: 12 us
# Waveform file 'C:/My_Designs/espinoza_lab3/part2/src/weightedAverage2.awc' connected to 'C:/My_Designs/espinoza_lab3/part2/src/weightedAverage2.asdb'.
# Adding file C:\My_Designs\espinoza_lab3\part2\src\weightedAverage2.asdb ... Done
# Adding file C:\My_Designs\espinoza_lab3\part2\src\weightedAverage2.awc ... Done
# Design: Design "part1" has been set as active.
# ELBREAD: Elaboration process.
# ELBREAD: Warning: The contents of module 'pll_0002' instantiated in architecture 'model' differ from the contents available during the compilation of this architecture.
# ELBREAD: Elaboration time 0.1 [s].
