Flow report for Complete_MIPS
Wed Mar 06 23:57:24 2019
Quartus Prime Version 17.1.0 Build 590 10/25/2017 SJ Lite Edition


---------------------
; Table of Contents ;
---------------------
  1. Legal Notice
  2. Flow Summary
  3. Flow Settings
  4. Flow Non-Default Global Settings
  5. Flow Elapsed Time
  6. Flow OS Summary
  7. Flow Log
  8. Flow Messages
  9. Flow Suppressed Messages



----------------
; Legal Notice ;
----------------
Copyright (C) 2017  Intel Corporation. All rights reserved.
Your use of Intel Corporation's design tools, logic functions 
and other software and tools, and its AMPP partner logic 
functions, and any output files from any of the foregoing 
(including device programming or simulation files), and any 
associated documentation or information are expressly subject 
to the terms and conditions of the Intel Program License 
Subscription Agreement, the Intel Quartus Prime License Agreement,
the Intel FPGA IP License Agreement, or other applicable license
agreement, including, without limitation, that your use is for
the sole purpose of programming logic devices manufactured by
Intel and sold by Intel or its authorized distributors.  Please
refer to the applicable agreement for further details.



+-------------------------------------------------------------------------------+
; Flow Summary                                                                  ;
+---------------------------------+---------------------------------------------+
; Flow Status                     ; Successful - Wed Mar 06 23:57:02 2019       ;
; Quartus Prime Version           ; 17.1.0 Build 590 10/25/2017 SJ Lite Edition ;
; Revision Name                   ; Complete_MIPS                               ;
; Top-level Entity Name           ; Complete_MIPS                               ;
; Family                          ; Cyclone V                                   ;
; Device                          ; 5CSXFC6D6F31C7                              ;
; Timing Models                   ; Final                                       ;
; Logic utilization (in ALMs)     ; 3,550 / 41,910 ( 8 % )                      ;
; Total registers                 ; 345                                         ;
; Total pins                      ; 131 / 499 ( 26 % )                          ;
; Total virtual pins              ; 0                                           ;
; Total block memory bits         ; 34,816 / 5,662,720 ( < 1 % )                ;
; Total DSP Blocks                ; 6 / 112 ( 5 % )                             ;
; Total HSSI RX PCSs              ; 0 / 9 ( 0 % )                               ;
; Total HSSI PMA RX Deserializers ; 0 / 9 ( 0 % )                               ;
; Total HSSI TX PCSs              ; 0 / 9 ( 0 % )                               ;
; Total HSSI PMA TX Serializers   ; 0 / 9 ( 0 % )                               ;
; Total PLLs                      ; 1 / 15 ( 7 % )                              ;
; Total DLLs                      ; 0 / 4 ( 0 % )                               ;
+---------------------------------+---------------------------------------------+


+-----------------------------------------+
; Flow Settings                           ;
+-------------------+---------------------+
; Option            ; Setting             ;
+-------------------+---------------------+
; Start date & time ; 03/06/2019 23:53:55 ;
; Main task         ; Compilation         ;
; Revision Name     ; Complete_MIPS       ;
+-------------------+---------------------+


+--------------------------------------------------------------------------------------------------------------------------------------------+
; Flow Non-Default Global Settings                                                                                                           ;
+-------------------------------------------+----------------------------------------+---------------+-------------+-------------------------+
; Assignment Name                           ; Value                                  ; Default Value ; Entity Name ; Section Id              ;
+-------------------------------------------+----------------------------------------+---------------+-------------+-------------------------+
; ADV_NETLIST_OPT_RETIME_CORE_AND_IO        ; -- (Not supported for targeted family) ; On            ; --          ; --                      ;
; BOARD_MODEL_FAR_C                         ; Open                                   ; --            ; --          ; 1.2V                    ;
; BOARD_MODEL_FAR_PULLDOWN_R                ; Open                                   ; --            ; --          ; 1.2V                    ;
; BOARD_MODEL_FAR_PULLUP_R                  ; Open                                   ; --            ; --          ; 1.2V                    ;
; BOARD_MODEL_FAR_SERIES_R                  ; Short                                  ; --            ; --          ; 1.2V                    ;
; BOARD_MODEL_NEAR_C                        ; Open                                   ; --            ; --          ; 1.2V                    ;
; BOARD_MODEL_NEAR_PULLDOWN_R               ; Open                                   ; --            ; --          ; 1.2V                    ;
; BOARD_MODEL_NEAR_PULLUP_R                 ; Open                                   ; --            ; --          ; 1.2V                    ;
; BOARD_MODEL_NEAR_SERIES_R                 ; Short                                  ; --            ; --          ; 1.2V                    ;
; BOARD_MODEL_NEAR_TLINE_C_PER_LENGTH       ; 0                                      ; --            ; --          ; 1.2V                    ;
; BOARD_MODEL_NEAR_TLINE_LENGTH             ; 0                                      ; --            ; --          ; 1.2V                    ;
; BOARD_MODEL_NEAR_TLINE_L_PER_LENGTH       ; 0                                      ; --            ; --          ; 1.2V                    ;
; BOARD_MODEL_TERMINATION_V                 ; 0                                      ; --            ; --          ; 1.2V                    ;
; BOARD_MODEL_TLINE_C_PER_LENGTH            ; 0                                      ; --            ; --          ; 1.2V                    ;
; BOARD_MODEL_TLINE_LENGTH                  ; 0                                      ; --            ; --          ; 1.2V                    ;
; BOARD_MODEL_TLINE_L_PER_LENGTH            ; 0                                      ; --            ; --          ; 1.2V                    ;
; COMPILER_SIGNATURE_ID                     ; 238368715489246.155193443501324        ; --            ; --          ; --                      ;
; EDA_GENERATE_POWER_INPUT_FILE             ; Off                                    ; --            ; --          ; eda_simulation          ;
; EDA_OUTPUT_DATA_FORMAT                    ; None                                   ; --            ; --          ; eda_board_design_symbol ;
; EDA_TIME_SCALE                            ; 1 ps                                   ; --            ; --          ; eda_simulation          ;
; INCREMENTAL_COMPILATION_EXPORT_FLATTEN    ; Off                                    ; --            ; --          ; --                      ;
; INCREMENTAL_COMPILATION_EXPORT_POST_FIT   ; Off                                    ; --            ; --          ; --                      ;
; INCREMENTAL_COMPILATION_EXPORT_POST_SYNTH ; Off                                    ; --            ; --          ; --                      ;
; INCREMENTAL_COMPILATION_EXPORT_ROUTING    ; -- (Not supported for targeted family) ; --            ; --          ; --                      ;
; OPTIMIZE_HOLD_TIMING                      ; IO Paths and Minimum TPD Paths         ; All Paths     ; --          ; --                      ;
; OUTPUT_IO_TIMING_FAR_END_VMEAS            ; Half Signal Swing                      ; --            ; --          ; --                      ;
; OUTPUT_IO_TIMING_FAR_END_VMEAS            ; Half Signal Swing                      ; --            ; --          ; --                      ;
; OUTPUT_IO_TIMING_NEAR_END_VMEAS           ; Half Signal Swing                      ; --            ; --          ; --                      ;
; OUTPUT_IO_TIMING_NEAR_END_VMEAS           ; Half Signal Swing                      ; --            ; --          ; --                      ;
; USER_LIBRARIES                            ; C:/My_Designs/espinoza_lab3/part2/src  ; --            ; --          ; --                      ;
+-------------------------------------------+----------------------------------------+---------------+-------------+-------------------------+


+-------------------------------------------------------------------------------------------------------------------------------+
; Flow Elapsed Time                                                                                                             ;
+---------------------------+--------------+-------------------------+---------------------+------------------------------------+
; Module Name               ; Elapsed Time ; Average Processors Used ; Peak Virtual Memory ; Total CPU Time (on all processors) ;
+---------------------------+--------------+-------------------------+---------------------+------------------------------------+
; Analysis & Synthesis      ; 00:00:20     ; 1.0                     ; 860 MB              ; 00:00:28                           ;
; Fitter                    ; 00:02:14     ; 1.2                     ; 2709 MB             ; 00:04:31                           ;
; Assembler                 ; 00:00:27     ; 1.0                     ; 819 MB              ; 00:00:25                           ;
; TimeQuest Timing Analyzer ; 00:00:21     ; 1.8                     ; 1301 MB             ; 00:00:34                           ;
; Total                     ; 00:03:22     ; --                      ; --                  ; 00:05:58                           ;
+---------------------------+--------------+-------------------------+---------------------+------------------------------------+


+-----------------------------------------------------------------------------------------+
; Flow OS Summary                                                                         ;
+---------------------------+------------------+------------+------------+----------------+
; Module Name               ; Machine Hostname ; OS Name    ; OS Version ; Processor type ;
+---------------------------+------------------+------------+------------+----------------+
; Analysis & Synthesis      ; Peeta-PC         ; Windows 10 ; 10.0       ; x86_64         ;
; Fitter                    ; Peeta-PC         ; Windows 10 ; 10.0       ; x86_64         ;
; Assembler                 ; Peeta-PC         ; Windows 10 ; 10.0       ; x86_64         ;
; TimeQuest Timing Analyzer ; Peeta-PC         ; Windows 10 ; 10.0       ; x86_64         ;
+---------------------------+------------------+------------+------------+----------------+


------------
; Flow Log ;
------------
quartus_map --read_settings_files=on --write_settings_files=off part2 -c Complete_MIPS
quartus_fit --read_settings_files=off --write_settings_files=off part2 -c Complete_MIPS
quartus_asm --read_settings_files=off --write_settings_files=off part2 -c Complete_MIPS
quartus_sta part2 -c Complete_MIPS



